<?xml version="1.0" encoding="UTF-8"?>
<!-- Generated by org.testng.reporters.JUnitXMLReporter -->
<testsuite ignored="1" hostname="LPT2609" failures="0" tests="1" name="Default test" time="23.465" errors="0" timestamp="2022-06-14T18:27:37 IST">
  <testcase classname="pk_OrangeHRM.PDFFile_ReadData" name="testVerifyPDFTextUsing_Get" time="19.487"/>
  <testcase classname="pk_OrangeHRM.PDFFile_ReadData" name="testVerifyPDFTextInBrowser" time="0.0">
    <ignored/>
  </testcase> <!-- testVerifyPDFTextInBrowser -->
</testsuite> <!-- Default test -->
