<?xml version="1.0" encoding="UTF-8"?>
<testng-results total="1" passed="1" failed="0" skipped="0">
  <reporter-output>
  </reporter-output>
  <suite started-at="2022-06-15T12:18:07Z" name="TestSuite" finished-at="2022-06-15T12:18:43Z" duration-ms="36450">
    <groups>
    </groups>
    <test started-at="2022-06-15T12:18:07Z" name="Test" finished-at="2022-06-15T12:18:43Z" duration-ms="36450">
      <class name="pk_OrangeHRM.OrangeHRM_Login_TestNG">
        <test-method signature="LoginVerification()[pri:0, instance:pk_OrangeHRM.OrangeHRM_Login_TestNG@158d2680]" started-at="2022-06-15T17:48:07Z" name="LoginVerification" finished-at="2022-06-15T17:48:43Z" duration-ms="36433" status="PASS">
          <reporter-output>
          </reporter-output>
        </test-method> <!-- LoginVerification -->
      </class> <!-- pk_OrangeHRM.OrangeHRM_Login_TestNG -->
    </test> <!-- Test -->
  </suite> <!-- TestSuite -->
</testng-results>
