<?xml version="1.0" encoding="UTF-8"?>
<!-- Generated by org.testng.reporters.JUnitXMLReporter -->
<testsuite ignored="0" hostname="LPT2609" failures="0" tests="4" name="ChromeTest" time="37.909" errors="0" timestamp="2022-06-09T15:57:51 IST">
  <testcase classname="pk_OrangeHRM.CrossBrowser_Example" name="OrangeHRM_Login" time="13.234"/>
  <testcase classname="pk_OrangeHRM.CrossBrowser_Example" name="OrangeHRM_Login" time="5.056"/>
  <testcase classname="pk_OrangeHRM.CrossBrowser_Example" name="OrangeHRM_Login" time="3.63"/>
  <testcase classname="pk_OrangeHRM.CrossBrowser_Example" name="OrangeHRM_Login" time="3.5"/>
</testsuite> <!-- ChromeTest -->
