<?xml version="1.0" encoding="UTF-8"?>
<!-- Generated by org.testng.reporters.JUnitXMLReporter -->
<testsuite ignored="0" hostname="LPT2609" failures="0" tests="4" name="EdgeTest" time="47.872" errors="0" timestamp="2022-06-09T15:58:39 IST">
  <testcase classname="pk_OrangeHRM.CrossBrowser_Example" name="OrangeHRM_Login" time="26.194"/>
  <testcase classname="pk_OrangeHRM.CrossBrowser_Example" name="OrangeHRM_Login" time="5.772"/>
  <testcase classname="pk_OrangeHRM.CrossBrowser_Example" name="OrangeHRM_Login" time="3.111"/>
  <testcase classname="pk_OrangeHRM.CrossBrowser_Example" name="OrangeHRM_Login" time="3.09"/>
</testsuite> <!-- EdgeTest -->
